Unity/Library/Bee/Android/Prj/IL2CPP/Gradle/launcher/build/intermediates/manifest_merge_blame_file/debug/manifest-merger-blame-debug-report.txt
1<?xml version="1.0" encoding="utf-8"?>
2<manifest xmlns:android="http://schemas.android.com/apk/res/android"
3    package="com.Group002.SmartSeatTracker"
4    android:installLocation="preferExternal"
5    android:versionCode="1"
6    android:versionName="1.0" >
7
8    <uses-sdk
9        android:minSdkVersion="29"
9-->src\main\AndroidManifest.xml
10        android:targetSdkVersion="32" />
10-->src\main\AndroidManifest.xml
11
12    <supports-screens
12-->src\main\AndroidManifest.xml:4:3-163
13        android:anyDensity="true"
13-->src\main\AndroidManifest.xml:4:135-160
14        android:largeScreens="true"
14-->src\main\AndroidManifest.xml:4:78-105
15        android:normalScreens="true"
15-->src\main\AndroidManifest.xml:4:49-77
16        android:smallScreens="true"
16-->src\main\AndroidManifest.xml:4:21-48
17        android:xlargeScreens="true" />
17-->src\main\AndroidManifest.xml:4:106-134
18
19    <uses-permission android:name="android.permission.INTERNET" />
19-->[:unityLibrary] AndroidManifest.xml:10:5-67
19-->[:unityLibrary] AndroidManifest.xml:10:22-64
20    <uses-permission android:name="android.permission.ACCESS_NETWORK_STATE" />
20-->[:unityLibrary] AndroidManifest.xml:11:5-79
20-->[:unityLibrary] AndroidManifest.xml:11:22-76
21
22    <uses-feature android:glEsVersion="0x00030000" />
22-->[:unityLibrary] AndroidManifest.xml:13:5-54
22-->[:unityLibrary] AndroidManifest.xml:13:19-51
23    <uses-feature
23-->[:unityLibrary] AndroidManifest.xml:14:5-16:36
24        android:name="android.hardware.touchscreen"
24-->[:unityLibrary] AndroidManifest.xml:15:9-52
25        android:required="false" />
25-->[:unityLibrary] AndroidManifest.xml:16:9-33
26    <uses-feature
26-->[:unityLibrary] AndroidManifest.xml:17:5-19:36
27        android:name="android.hardware.touchscreen.multitouch"
27-->[:unityLibrary] AndroidManifest.xml:18:9-63
28        android:required="false" />
28-->[:unityLibrary] AndroidManifest.xml:19:9-33
29    <uses-feature
29-->[:unityLibrary] AndroidManifest.xml:20:5-22:36
30        android:name="android.hardware.touchscreen.multitouch.distinct"
30-->[:unityLibrary] AndroidManifest.xml:21:9-72
31        android:required="false" />
31-->[:unityLibrary] AndroidManifest.xml:22:9-33
32
33    <uses-permission android:name="android.permission.CAMERA" />
33-->[:unityLibrary] AndroidManifest.xml:24:5-65
33-->[:unityLibrary] AndroidManifest.xml:24:22-62
34
35    <uses-feature
35-->[:unityLibrary] AndroidManifest.xml:26:5-28:35
36        android:name="android.hardware.camera.ar"
36-->[:unityLibrary] AndroidManifest.xml:27:9-50
37        android:required="true" />
37-->[:unityLibrary] AndroidManifest.xml:28:9-32
38    <uses-feature
38-->[:unityLibrary] AndroidManifest.xml:29:5-31:35
39        android:name="com.google.ar.core.depth"
39-->[:unityLibrary] AndroidManifest.xml:30:9-48
40        android:required="true" />
40-->[:unityLibrary] AndroidManifest.xml:31:9-32
41
42    <queries>
42-->[:arcore_client:] AndroidManifest.xml:29:5-31:15
43        <package android:name="com.google.ar.core" />
43-->[:arcore_client:] AndroidManifest.xml:30:9-54
43-->[:arcore_client:] AndroidManifest.xml:30:18-51
44    </queries>
45
46    <uses-permission android:name="com.google.android.gms.permission.AD_ID" />
46-->[:UnityAds:] AndroidManifest.xml:11:5-79
46-->[:UnityAds:] AndroidManifest.xml:11:22-76
47
48    <application
48-->src\main\AndroidManifest.xml:3:3-83
49        android:debuggable="true"
50        android:extractNativeLibs="true"
50-->[:unityLibrary] AndroidManifest.xml:33:18-50
51        android:icon="@mipmap/app_icon"
51-->src\main\AndroidManifest.xml:3:49-80
52        android:label="@string/app_name" >
52-->src\main\AndroidManifest.xml:3:16-48
53        <meta-data
53-->[:unityLibrary] AndroidManifest.xml:34:9-36:33
54            android:name="unity.splash-mode"
54-->[:unityLibrary] AndroidManifest.xml:35:13-45
55            android:value="0" />
55-->[:unityLibrary] AndroidManifest.xml:36:13-30
56        <meta-data
56-->[:unityLibrary] AndroidManifest.xml:37:9-39:36
57            android:name="unity.splash-enable"
57-->[:unityLibrary] AndroidManifest.xml:38:13-47
58            android:value="True" />
58-->[:unityLibrary] AndroidManifest.xml:39:13-33
59        <meta-data
59-->[:unityLibrary] AndroidManifest.xml:40:9-42:36
60            android:name="unity.launch-fullscreen"
60-->[:unityLibrary] AndroidManifest.xml:41:13-51
61            android:value="True" />
61-->[:unityLibrary] AndroidManifest.xml:42:13-33
62        <meta-data
62-->[:unityLibrary] AndroidManifest.xml:43:9-45:37
63            android:name="unity.allow-resizable-window"
63-->[:unityLibrary] AndroidManifest.xml:44:13-56
64            android:value="False" />
64-->[:unityLibrary] AndroidManifest.xml:45:13-34
65        <meta-data
65-->[:unityLibrary] AndroidManifest.xml:46:9-48:50
66            android:name="notch.config"
66-->[:unityLibrary] AndroidManifest.xml:47:13-40
67            android:value="portrait|landscape" />
67-->[:unityLibrary] AndroidManifest.xml:48:13-47
68        <meta-data
68-->[:unityLibrary] AndroidManifest.xml:49:9-51:36
69            android:name="unity.auto-report-fully-drawn"
69-->[:unityLibrary] AndroidManifest.xml:50:13-57
70            android:value="true" />
70-->[:unityLibrary] AndroidManifest.xml:51:13-33
71
72        <activity
72-->[:unityLibrary] AndroidManifest.xml:53:9-80:20
73            android:name="com.unity3d.player.UnityPlayerActivity"
73-->[:unityLibrary] AndroidManifest.xml:54:13-66
74            android:configChanges="mcc|mnc|locale|touchscreen|keyboard|keyboardHidden|navigation|orientation|screenLayout|uiMode|screenSize|smallestScreenSize|fontScale|layoutDirection|density"
74-->[:unityLibrary] AndroidManifest.xml:55:13-194
75            android:exported="true"
75-->[:unityLibrary] AndroidManifest.xml:56:13-36
76            android:hardwareAccelerated="false"
76-->[:unityLibrary] AndroidManifest.xml:57:13-48
77            android:launchMode="singleTask"
77-->[:unityLibrary] AndroidManifest.xml:58:13-44
78            android:resizeableActivity="false"
78-->[:unityLibrary] AndroidManifest.xml:59:13-47
79            android:screenOrientation="userLandscape"
79-->[:unityLibrary] AndroidManifest.xml:60:13-54
80            android:theme="@style/UnityThemeSelector" >
80-->[:unityLibrary] AndroidManifest.xml:61:13-54
81            <intent-filter>
81-->[:unityLibrary] AndroidManifest.xml:62:13-66:29
82                <category android:name="android.intent.category.LAUNCHER" />
82-->[:unityLibrary] AndroidManifest.xml:63:17-77
82-->[:unityLibrary] AndroidManifest.xml:63:27-74
83
84                <action android:name="android.intent.action.MAIN" />
84-->[:unityLibrary] AndroidManifest.xml:65:17-69
84-->[:unityLibrary] AndroidManifest.xml:65:25-66
85            </intent-filter>
86
87            <meta-data
87-->[:unityLibrary] AndroidManifest.xml:68:13-70:40
88                android:name="unityplayer.UnityActivity"
88-->[:unityLibrary] AndroidManifest.xml:69:17-57
89                android:value="true" />
89-->[:unityLibrary] AndroidManifest.xml:70:17-37
90            <meta-data
90-->[:unityLibrary] AndroidManifest.xml:71:13-73:40
91                android:name="notch_support"
91-->[:unityLibrary] AndroidManifest.xml:72:17-45
92                android:value="true" />
92-->[:unityLibrary] AndroidManifest.xml:73:17-37
93
94            <layout
94-->[:unityLibrary] AndroidManifest.xml:75:13-79:44
95                android:defaultHeight="1080px"
95-->[:unityLibrary] AndroidManifest.xml:76:17-47
96                android:defaultWidth="1920px"
96-->[:unityLibrary] AndroidManifest.xml:77:17-46
97                android:minHeight="300px"
97-->[:unityLibrary] AndroidManifest.xml:78:17-42
98                android:minWidth="400px" />
98-->[:unityLibrary] AndroidManifest.xml:79:17-41
99        </activity>
100
101        <meta-data
101-->[:unityLibrary] AndroidManifest.xml:82:9-84:36
102            android:name="unityplayer.SkipPermissionsDialog"
102-->[:unityLibrary] AndroidManifest.xml:83:13-61
103            android:value="true" />
103-->[:unityLibrary] AndroidManifest.xml:84:13-33
104        <meta-data
104-->[:unityLibrary] AndroidManifest.xml:85:9-87:40
105            android:name="com.google.ar.core"
105-->[:unityLibrary] AndroidManifest.xml:86:13-46
106            android:value="required" /> <!-- The minimal version code of ARCore APK required for an app using this SDK. -->
106-->[:unityLibrary] AndroidManifest.xml:87:13-37
107        <meta-data
107-->[:arcore_client:] AndroidManifest.xml:36:9-38:41
108            android:name="com.google.ar.core.min_apk_version"
108-->[:arcore_client:] AndroidManifest.xml:37:13-62
109            android:value="220920000" /> <!-- This activity is critical for installing ARCore when it is not already present. -->
109-->[:arcore_client:] AndroidManifest.xml:38:13-38
110        <activity
110-->[:arcore_client:] AndroidManifest.xml:40:9-46:80
111            android:name="com.google.ar.core.InstallActivity"
111-->[:arcore_client:] AndroidManifest.xml:41:13-62
112            android:configChanges="keyboardHidden|orientation|screenSize"
112-->[:arcore_client:] AndroidManifest.xml:42:13-74
113            android:excludeFromRecents="true"
113-->[:arcore_client:] AndroidManifest.xml:43:13-46
114            android:exported="false"
114-->[:arcore_client:] AndroidManifest.xml:44:13-37
115            android:launchMode="singleTop"
115-->[:arcore_client:] AndroidManifest.xml:45:13-43
116            android:theme="@android:style/Theme.Material.Light.Dialog.Alert" />
116-->[:arcore_client:] AndroidManifest.xml:46:13-77
117        <activity
117-->[:UnityAds:] AndroidManifest.xml:14:9-18:74
118            android:name="com.unity3d.services.ads.adunit.AdUnitActivity"
118-->[:UnityAds:] AndroidManifest.xml:15:13-74
119            android:configChanges="fontScale|keyboard|keyboardHidden|locale|mnc|mcc|navigation|orientation|screenLayout|screenSize|smallestScreenSize|uiMode|touchscreen"
119-->[:UnityAds:] AndroidManifest.xml:16:13-170
120            android:hardwareAccelerated="true"
120-->[:UnityAds:] AndroidManifest.xml:17:13-47
121            android:theme="@android:style/Theme.NoTitleBar.Fullscreen" />
121-->[:UnityAds:] AndroidManifest.xml:18:13-71
122        <activity
122-->[:UnityAds:] AndroidManifest.xml:19:9-23:86
123            android:name="com.unity3d.services.ads.adunit.AdUnitTransparentActivity"
123-->[:UnityAds:] AndroidManifest.xml:20:13-85
124            android:configChanges="fontScale|keyboard|keyboardHidden|locale|mnc|mcc|navigation|orientation|screenLayout|screenSize|smallestScreenSize|uiMode|touchscreen"
124-->[:UnityAds:] AndroidManifest.xml:21:13-170
125            android:hardwareAccelerated="true"
125-->[:UnityAds:] AndroidManifest.xml:22:13-47
126            android:theme="@android:style/Theme.Translucent.NoTitleBar.Fullscreen" />
126-->[:UnityAds:] AndroidManifest.xml:23:13-83
127        <activity
127-->[:UnityAds:] AndroidManifest.xml:24:9-28:86
128            android:name="com.unity3d.services.ads.adunit.AdUnitTransparentSoftwareActivity"
128-->[:UnityAds:] AndroidManifest.xml:25:13-93
129            android:configChanges="fontScale|keyboard|keyboardHidden|locale|mnc|mcc|navigation|orientation|screenLayout|screenSize|smallestScreenSize|uiMode|touchscreen"
129-->[:UnityAds:] AndroidManifest.xml:26:13-170
130            android:hardwareAccelerated="false"
130-->[:UnityAds:] AndroidManifest.xml:27:13-48
131            android:theme="@android:style/Theme.Translucent.NoTitleBar.Fullscreen" />
131-->[:UnityAds:] AndroidManifest.xml:28:13-83
132        <activity
132-->[:UnityAds:] AndroidManifest.xml:29:9-33:74
133            android:name="com.unity3d.services.ads.adunit.AdUnitSoftwareActivity"
133-->[:UnityAds:] AndroidManifest.xml:30:13-82
134            android:configChanges="fontScale|keyboard|keyboardHidden|locale|mnc|mcc|navigation|orientation|screenLayout|screenSize|smallestScreenSize|uiMode|touchscreen"
134-->[:UnityAds:] AndroidManifest.xml:31:13-170
135            android:hardwareAccelerated="false"
135-->[:UnityAds:] AndroidManifest.xml:32:13-48
136            android:theme="@android:style/Theme.NoTitleBar.Fullscreen" />
136-->[:UnityAds:] AndroidManifest.xml:33:13-71
137    </application>
138
139</manifest>